d:\projects\c\uefi\x64\debug\gnu-efi\gnu-efi.pdb
d:\projects\c\uefi\x64\debug\gnu-efi\rtstr.obj
d:\projects\c\uefi\x64\debug\gnu-efi\rtlock.obj
d:\projects\c\uefi\x64\debug\gnu-efi\rtdata.obj
d:\projects\c\uefi\x64\debug\gnu-efi\efirtlib.obj
d:\projects\c\uefi\x64\debug\gnu-efi\print.obj
d:\projects\c\uefi\x64\debug\gnu-efi\misc.obj
d:\projects\c\uefi\x64\debug\gnu-efi\lock.obj
d:\projects\c\uefi\x64\debug\gnu-efi\init.obj
d:\projects\c\uefi\x64\debug\gnu-efi\hw.obj
d:\projects\c\uefi\x64\debug\gnu-efi\hand.obj
d:\projects\c\uefi\x64\debug\gnu-efi\guid.obj
d:\projects\c\uefi\x64\debug\gnu-efi\event.obj
d:\projects\c\uefi\x64\debug\gnu-efi\error.obj
d:\projects\c\uefi\x64\debug\gnu-efi\dpath.obj
d:\projects\c\uefi\x64\debug\gnu-efi\debug.obj
d:\projects\c\uefi\x64\debug\gnu-efi\data.obj
d:\projects\c\uefi\x64\debug\gnu-efi\crc.obj
d:\projects\c\uefi\x64\debug\gnu-efi\console.obj
d:\projects\c\uefi\x64\debug\gnu-efi\cmdline.obj
d:\projects\c\uefi\x64\debug\gnu-efi\boxdraw.obj
d:\projects\c\uefi\x64\debug\gnu-efi\str.obj
d:\projects\c\uefi\x64\debug\gnu-efi\sread.obj
d:\projects\c\uefi\x64\debug\gnu-efi\smbios.obj
d:\projects\c\uefi\x64\debug\gnu-efi\vm.obj
d:\projects\c\uefi\x64\debug\gnu-efi\math.obj
d:\projects\c\uefi\x64\debug\gnu-efi\initplat.obj
d:\projects\c\uefi\x64\debug\gnu-efi.lib
d:\projects\c\uefi\x64\debug\gnu-efi.pdb
d:\projects\c\uefi\x64\debug\gnu-efi\gnu-efi.tlog\cl.read.1.tlog
d:\projects\c\uefi\x64\debug\gnu-efi\gnu-efi.tlog\cl.write.1.tlog
d:\projects\c\uefi\x64\debug\gnu-efi\gnu-efi.tlog\cl.command.1.tlog
d:\projects\c\uefi\x64\debug\gnu-efi\gnu-efi.tlog\lib-link.read.1.tlog
d:\projects\c\uefi\x64\debug\gnu-efi\gnu-efi.tlog\lib-link.write.1.tlog
d:\projects\c\uefi\x64\debug\gnu-efi\gnu-efi.tlog\lib.command.1.tlog
